<?xml version="1.0" encoding="UTF-8"?>
<!-- Generated by org.testng.reporters.JUnitReportReporter -->
<testsuite hostname="NITINYADAV-PC" failures="0" tests="1" name="Functionality.loginamazon2$loginamazon" time="43.165" errors="0" timestamp="2023-03-23T10:43:46 IST" skipped="0">
  <testcase classname="Functionality.loginamazon2$loginamazon" name="amazonlogin" time="43.165"/>
  <system-out/>
</testsuite> <!-- Functionality.loginamazon2$loginamazon -->
